[{"line":2,"elements":[{"line":4,"name":"","description":"","type":"background","keyword":"Background","steps":[{"result":{"duration":57722100,"status":"passed"},"line":5,"name":"User is on retail website","match":{"location":"tek.sdet.framework.steps.SignInSteps.userIsOnRetailWebsite()"},"keyword":"Given "},{"result":{"duration":172323500,"status":"passed"},"line":6,"name":"User click on Sign in option","match":{"location":"tek.sdet.framework.steps.SignInSteps.user_click_on_sign_in_option()"},"keyword":"When "}]},{"start_timestamp":"2022-12-16T20:23:47.164Z","before":[{"result":{"duration":3971433200,"status":"passed"},"match":{"location":"tek.sdet.framework.base.BaseUi.setUpTest()"}}],"line":15,"name":"Verify user can create an account into Retail Website","description":"","id":"sign-in-feature;verify-user-can-create-an-account-into-retail-website","after":[{"result":{"error_message":"org.openqa.selenium.NoSuchWindowException: no such window: target window already closed\nfrom unknown error: web view not found\n  (Session info: chrome=108.0.5359.124)\nBuild info: version: '4.4.0', revision: 'e5c75ed026a'\nSystem info: host: 'DIAMOND', ip: '10.0.0.6', os.name: 'Windows 11', os.arch: 'amd64', os.version: '10.0', java.version: '11.0.15.1'\nDriver info: org.openqa.selenium.chrome.ChromeDriver\nCommand: [7476f8aede8bc356e1ced4b76ddee777, screenshot {}]\nCapabilities {acceptInsecureCerts: false, browserName: chrome, browserVersion: 108.0.5359.124, chrome: {chromedriverVersion: 108.0.5359.71 (1e0e3868ee06..., userDataDir: C:\\Users\\farva\\AppData\\Loca...}, goog:chromeOptions: {debuggerAddress: localhost:56876}, networkConnectionEnabled: false, pageLoadStrategy: normal, platformName: WINDOWS, proxy: Proxy(), se:cdp: ws://localhost:56876/devtoo..., se:cdpVersion: 108.0.5359.124, setWindowRect: true, strictFileInteractability: false, timeouts: {implicit: 0, pageLoad: 300000, script: 30000}, unhandledPromptBehavior: dismiss and notify, webauthn:extension:credBlob: true, webauthn:extension:largeBlob: true, webauthn:virtualAuthenticators: true}\nSession ID: 7476f8aede8bc356e1ced4b76ddee777\r\n\tat java.base/jdk.internal.reflect.NativeConstructorAccessorImpl.newInstance0(Native Method)\r\n\tat java.base/jdk.internal.reflect.NativeConstructorAccessorImpl.newInstance(NativeConstructorAccessorImpl.java:62)\r\n\tat java.base/jdk.internal.reflect.DelegatingConstructorAccessorImpl.newInstance(DelegatingConstructorAccessorImpl.java:45)\r\n\tat java.base/java.lang.reflect.Constructor.newInstance(Constructor.java:490)\r\n\tat org.openqa.selenium.remote.codec.w3c.W3CHttpResponseCodec.createException(W3CHttpResponseCodec.java:200)\r\n\tat org.openqa.selenium.remote.codec.w3c.W3CHttpResponseCodec.decode(W3CHttpResponseCodec.java:133)\r\n\tat org.openqa.selenium.remote.codec.w3c.W3CHttpResponseCodec.decode(W3CHttpResponseCodec.java:53)\r\n\tat org.openqa.selenium.remote.HttpCommandExecutor.execute(HttpCommandExecutor.java:184)\r\n\tat org.openqa.selenium.remote.service.DriverCommandExecutor.invokeExecute(DriverCommandExecutor.java:167)\r\n\tat org.openqa.selenium.remote.service.DriverCommandExecutor.execute(DriverCommandExecutor.java:142)\r\n\tat org.openqa.selenium.remote.RemoteWebDriver.execute(RemoteWebDriver.java:547)\r\n\tat org.openqa.selenium.remote.RemoteWebDriver.execute(RemoteWebDriver.java:602)\r\n\tat org.openqa.selenium.remote.RemoteWebDriver.execute(RemoteWebDriver.java:606)\r\n\tat org.openqa.selenium.remote.RemoteWebDriver.getScreenshotAs(RemoteWebDriver.java:331)\r\n\tat tek.sdet.framework.utilities.CommonUtility.takeScreenShotAsBytes(CommonUtility.java:64)\r\n\tat tek.sdet.framework.base.BaseUi.closeTest(BaseUi.java:26)\r\n","duration":8408400,"status":"failed"},"match":{"location":"tek.sdet.framework.base.BaseUi.closeTest(io.cucumber.java.Scenario)"}}],"type":"scenario","keyword":"Scenario","steps":[{"result":{"duration":75004700,"status":"passed"},"line":16,"name":"User click on Create New Account button","match":{"location":"tek.sdet.framework.steps.SignInSteps.user_click_on_create_new_account_button()"},"keyword":"And "},{"result":{"duration":373560700,"status":"passed"},"line":17,"name":"User fill the signUp information with below data","match":{"location":"tek.sdet.framework.steps.SignInSteps.user_fill_the_sign_up_information_with_below_data(io.cucumber.datatable.DataTable)"},"rows":[{"cells":["name","email","password","confirmPassword"]},{"cells":["bpanthers","farva@gmail.com","Tek@1235","Tek@1235"]}],"keyword":"And "},{"result":{"duration":80002300,"status":"passed"},"line":20,"name":"User click on SignUp button","match":{"location":"tek.sdet.framework.steps.SignInSteps.user_click_on_sign_up_button()"},"keyword":"And "},{"result":{"error_message":"org.openqa.selenium.WebDriverException: disconnected: received Inspector.detached event\n  (failed to check if window was closed: disconnected: Unable to receive message from renderer)\n  (Session info: chrome=108.0.5359.124)\nBuild info: version: '4.4.0', revision: 'e5c75ed026a'\nSystem info: host: 'DIAMOND', ip: '10.0.0.6', os.name: 'Windows 11', os.arch: 'amd64', os.version: '10.0', java.version: '11.0.15.1'\nDriver info: org.openqa.selenium.chrome.ChromeDriver\nCommand: [7476f8aede8bc356e1ced4b76ddee777, findElement {using=id, value=profileImage}]\nCapabilities {acceptInsecureCerts: false, browserName: chrome, browserVersion: 108.0.5359.124, chrome: {chromedriverVersion: 108.0.5359.71 (1e0e3868ee06..., userDataDir: C:\\Users\\farva\\AppData\\Loca...}, goog:chromeOptions: {debuggerAddress: localhost:56876}, networkConnectionEnabled: false, pageLoadStrategy: normal, platformName: WINDOWS, proxy: Proxy(), se:cdp: ws://localhost:56876/devtoo..., se:cdpVersion: 108.0.5359.124, setWindowRect: true, strictFileInteractability: false, timeouts: {implicit: 0, pageLoad: 300000, script: 30000}, unhandledPromptBehavior: dismiss and notify, webauthn:extension:credBlob: true, webauthn:extension:largeBlob: true, webauthn:virtualAuthenticators: true}\nSession ID: 7476f8aede8bc356e1ced4b76ddee777\r\n\tat java.base/jdk.internal.reflect.NativeConstructorAccessorImpl.newInstance0(Native Method)\r\n\tat java.base/jdk.internal.reflect.NativeConstructorAccessorImpl.newInstance(NativeConstructorAccessorImpl.java:62)\r\n\tat java.base/jdk.internal.reflect.DelegatingConstructorAccessorImpl.newInstance(DelegatingConstructorAccessorImpl.java:45)\r\n\tat java.base/java.lang.reflect.Constructor.newInstance(Constructor.java:490)\r\n\tat org.openqa.selenium.remote.codec.w3c.W3CHttpResponseCodec.createException(W3CHttpResponseCodec.java:200)\r\n\tat org.openqa.selenium.remote.codec.w3c.W3CHttpResponseCodec.decode(W3CHttpResponseCodec.java:133)\r\n\tat org.openqa.selenium.remote.codec.w3c.W3CHttpResponseCodec.decode(W3CHttpResponseCodec.java:53)\r\n\tat org.openqa.selenium.remote.HttpCommandExecutor.execute(HttpCommandExecutor.java:184)\r\n\tat org.openqa.selenium.remote.service.DriverCommandExecutor.invokeExecute(DriverCommandExecutor.java:167)\r\n\tat org.openqa.selenium.remote.service.DriverCommandExecutor.execute(DriverCommandExecutor.java:142)\r\n\tat org.openqa.selenium.remote.RemoteWebDriver.execute(RemoteWebDriver.java:547)\r\n\tat org.openqa.selenium.remote.ElementLocation$ElementFinder$2.findElement(ElementLocation.java:162)\r\n\tat org.openqa.selenium.remote.ElementLocation.findElement(ElementLocation.java:60)\r\n\tat org.openqa.selenium.remote.RemoteWebDriver.findElement(RemoteWebDriver.java:365)\r\n\tat org.openqa.selenium.remote.RemoteWebDriver.findElement(RemoteWebDriver.java:357)\r\n\tat org.openqa.selenium.support.pagefactory.DefaultElementLocator.findElement(DefaultElementLocator.java:70)\r\n\tat org.openqa.selenium.support.pagefactory.internal.LocatingElementHandler.invoke(LocatingElementHandler.java:39)\r\n\tat com.sun.proxy.$Proxy24.isDisplayed(Unknown Source)\r\n\tat org.openqa.selenium.support.ui.ExpectedConditions.elementIfVisible(ExpectedConditions.java:307)\r\n\tat org.openqa.selenium.support.ui.ExpectedConditions.access$000(ExpectedConditions.java:40)\r\n\tat org.openqa.selenium.support.ui.ExpectedConditions$10.apply(ExpectedConditions.java:293)\r\n\tat org.openqa.selenium.support.ui.ExpectedConditions$10.apply(ExpectedConditions.java:290)\r\n\tat org.openqa.selenium.support.ui.FluentWait.until(FluentWait.java:208)\r\n\tat tek.sdet.framework.utilities.CommonUtility.eWait(CommonUtility.java:239)\r\n\tat tek.sdet.framework.steps.SignInSteps.user_should_be_logged_into_account_page(SignInSteps.java:95)\r\n\tat âœ½.User should be logged into account page(file:///C:/Users/farva/eclipse-workspace/tek-capstone-panthers/src/test/resources/featur_copstone/signin.feature:21)\r\n","duration":15952738700,"status":"failed"},"line":21,"name":"User should be logged into account page","match":{"location":"tek.sdet.framework.steps.SignInSteps.user_should_be_logged_into_account_page()"},"keyword":"Then "}],"tags":[{"name":"@feature"},{"name":"@signUp"}]}],"name":"Sign In Feature","description":"","id":"sign-in-feature","keyword":"Feature","uri":"file:src/test/resources/featur_copstone/signin.feature","tags":[{"name":"@feature","type":"Tag","location":{"line":1,"column":1}}]}]